DEPRECATION WARNING: config.action_view.cache_template_extensions option has been deprecated and has no affect. Please remove it from your config files.  See http://www.rubyonrails.org/deprecation for details. (called from send at ./script/../config/../vendor/rails/railties/lib/initializer.rb:459)


Processing AdminController#index (for 127.0.0.1 at 2008-06-30 01:01:09) [GET]
  Session ID: 0bf707274413a8ed7f63445a3e3de7ad
  Parameters: {"action"=>"index", "controller"=>"admin"}
Rendering template within layouts/admin
Rendering admin/index
Rendered includes/admin/_menu (0.00017)
Completed in 0.03287 (30 reqs/sec) | Rendering: 0.02885 (87%) | DB: 0.00337 (10%) | 200 OK [http://localhost/admin]


Processing ApplicationController#index (for 127.0.0.1 at 2008-06-30 01:01:09) [GET]
  Session ID: 0bf707274413a8ed7f63445a3e3de7ad
  Parameters: {}


ActionController::RoutingError (No route matches "/stylesheets/cms.css" with {:method=>:get}):
    /vendor/rails/actionpack/lib/action_controller/routing/recognition_optimisation.rb:67:in `recognize_path'
    /vendor/rails/actionpack/lib/action_controller/routing/route_set.rb:384:in `recognize'
    /vendor/rails/actionpack/lib/action_controller/dispatcher.rb:154:in `handle_request'
    /vendor/rails/actionpack/lib/action_controller/dispatcher.rb:107:in `dispatch'
    /vendor/rails/actionpack/lib/action_controller/dispatcher.rb:104:in `synchronize'
    /vendor/rails/actionpack/lib/action_controller/dispatcher.rb:104:in `dispatch'
    /vendor/rails/actionpack/lib/action_controller/dispatcher.rb:120:in `dispatch_cgi'
    /vendor/rails/actionpack/lib/action_controller/dispatcher.rb:35:in `dispatch'
    /Library/Ruby/Gems/1.8/gems/mongrel-1.1.5/bin/../lib/mongrel/rails.rb:76:in `process'
    /Library/Ruby/Gems/1.8/gems/mongrel-1.1.5/bin/../lib/mongrel/rails.rb:74:in `synchronize'
    /Library/Ruby/Gems/1.8/gems/mongrel-1.1.5/bin/../lib/mongrel/rails.rb:74:in `process'
    /Library/Ruby/Gems/1.8/gems/mongrel-1.1.5/lib/mongrel.rb:159:in `process_client'
    /Library/Ruby/Gems/1.8/gems/mongrel-1.1.5/lib/mongrel.rb:158:in `each'
    /Library/Ruby/Gems/1.8/gems/mongrel-1.1.5/lib/mongrel.rb:158:in `process_client'
    /Library/Ruby/Gems/1.8/gems/mongrel-1.1.5/lib/mongrel.rb:285:in `run'
    /Library/Ruby/Gems/1.8/gems/mongrel-1.1.5/lib/mongrel.rb:285:in `initialize'
    /Library/Ruby/Gems/1.8/gems/mongrel-1.1.5/lib/mongrel.rb:285:in `new'
    /Library/Ruby/Gems/1.8/gems/mongrel-1.1.5/lib/mongrel.rb:285:in `run'
    /Library/Ruby/Gems/1.8/gems/mongrel-1.1.5/lib/mongrel.rb:268:in `initialize'
    /Library/Ruby/Gems/1.8/gems/mongrel-1.1.5/lib/mongrel.rb:268:in `new'
    /Library/Ruby/Gems/1.8/gems/mongrel-1.1.5/lib/mongrel.rb:268:in `run'
    /Library/Ruby/Gems/1.8/gems/mongrel-1.1.5/lib/mongrel/configurator.rb:282:in `run'
    /Library/Ruby/Gems/1.8/gems/mongrel-1.1.5/lib/mongrel/configurator.rb:281:in `each'
    /Library/Ruby/Gems/1.8/gems/mongrel-1.1.5/lib/mongrel/configurator.rb:281:in `run'
    /Library/Ruby/Gems/1.8/gems/mongrel-1.1.5/bin/mongrel_rails:128:in `run'
    /Library/Ruby/Gems/1.8/gems/mongrel-1.1.5/lib/mongrel/command.rb:212:in `run'
    /Library/Ruby/Gems/1.8/gems/mongrel-1.1.5/bin/mongrel_rails:281
    /vendor/rails/activesupport/lib/active_support/dependencies.rb:503:in `load'
    /vendor/rails/activesupport/lib/active_support/dependencies.rb:503:in `load'
    /vendor/rails/activesupport/lib/active_support/dependencies.rb:355:in `new_constants_in'
    /vendor/rails/activesupport/lib/active_support/dependencies.rb:503:in `load'
    /vendor/rails/railties/lib/commands/servers/mongrel.rb:64
    /Library/Ruby/Site/1.8/rubygems/custom_require.rb:27:in `gem_original_require'
    /Library/Ruby/Site/1.8/rubygems/custom_require.rb:27:in `require'
    /vendor/rails/activesupport/lib/active_support/dependencies.rb:510:in `require'
    /vendor/rails/activesupport/lib/active_support/dependencies.rb:355:in `new_constants_in'
    /vendor/rails/activesupport/lib/active_support/dependencies.rb:510:in `require'
    /vendor/rails/railties/lib/commands/server.rb:49
    /Library/Ruby/Site/1.8/rubygems/custom_require.rb:27:in `gem_original_require'
    /Library/Ruby/Site/1.8/rubygems/custom_require.rb:27:in `require'
    script/server:3

Rendering /Users/tih_ra/Documents/rails_prj/svn/robotek/vendor/rails/actionpack/lib/action_controller/templates/rescues/layout.erb (not_found)


Processing ArticlesController#index (for 127.0.0.1 at 2008-06-30 01:01:11) [GET]
  Session ID: 0bf707274413a8ed7f63445a3e3de7ad
  Parameters: {"action"=>"index", "controller"=>"admin/articles"}
DEPRECATION WARNING: Inflector is deprecated! Use ActiveSupport::Inflector instead.  See http://www.rubyonrails.org/deprecation for details. (called from file_column at /Users/tih_ra/Documents/rails_prj/svn/robotek/vendor/plugins/file_column/lib/file_column.rb:619)
  [4;36;1mUser Columns (0.002777)[0m   [0;1mSHOW FIELDS FROM `users`[0m
  [4;35;1mUser Load (0.000358)[0m   [0mSELECT * FROM `users` WHERE (`users`.`id` = 7) LIMIT 1[0m


NoMethodError (undefined method `paginate' for #<Admin::ArticlesController:0x201be0c>):
    /app/controllers/admin/articles_controller.rb:6:in `index'
    /vendor/rails/actionpack/lib/action_controller/base.rb:1151:in `send'
    /vendor/rails/actionpack/lib/action_controller/base.rb:1151:in `perform_action_without_filters'
    /vendor/rails/actionpack/lib/action_controller/filters.rb:580:in `call_filters'
    /vendor/rails/actionpack/lib/action_controller/filters.rb:573:in `perform_action_without_benchmark'
    /vendor/rails/actionpack/lib/action_controller/benchmarking.rb:68:in `perform_action_without_rescue'
    /System/Library/Frameworks/Ruby.framework/Versions/1.8/usr/lib/ruby/1.8/benchmark.rb:293:in `measure'
    /vendor/rails/actionpack/lib/action_controller/benchmarking.rb:68:in `perform_action_without_rescue'
    /vendor/rails/actionpack/lib/action_controller/rescue.rb:201:in `perform_action_without_caching'
    /vendor/rails/actionpack/lib/action_controller/caching/sql_cache.rb:13:in `perform_action'
    /vendor/rails/activerecord/lib/active_record/connection_adapters/abstract/query_cache.rb:33:in `cache'
    /vendor/rails/activerecord/lib/active_record/query_cache.rb:8:in `cache'
    /vendor/rails/actionpack/lib/action_controller/caching/sql_cache.rb:12:in `perform_action'
    /vendor/rails/actionpack/lib/action_controller/base.rb:519:in `send'
    /vendor/rails/actionpack/lib/action_controller/base.rb:519:in `process_without_filters'
    /vendor/rails/actionpack/lib/action_controller/filters.rb:569:in `process_without_session_management_support'
    /vendor/rails/actionpack/lib/action_controller/session_management.rb:130:in `process'
    /vendor/rails/actionpack/lib/action_controller/base.rb:382:in `process'
    /vendor/rails/actionpack/lib/action_controller/dispatcher.rb:155:in `handle_request'
    /vendor/rails/actionpack/lib/action_controller/dispatcher.rb:107:in `dispatch'
    /vendor/rails/actionpack/lib/action_controller/dispatcher.rb:104:in `synchronize'
    /vendor/rails/actionpack/lib/action_controller/dispatcher.rb:104:in `dispatch'
    /vendor/rails/actionpack/lib/action_controller/dispatcher.rb:120:in `dispatch_cgi'
    /vendor/rails/actionpack/lib/action_controller/dispatcher.rb:35:in `dispatch'
    /Library/Ruby/Gems/1.8/gems/mongrel-1.1.5/bin/../lib/mongrel/rails.rb:76:in `process'
    /Library/Ruby/Gems/1.8/gems/mongrel-1.1.5/bin/../lib/mongrel/rails.rb:74:in `synchronize'
    /Library/Ruby/Gems/1.8/gems/mongrel-1.1.5/bin/../lib/mongrel/rails.rb:74:in `process'
    /Library/Ruby/Gems/1.8/gems/mongrel-1.1.5/lib/mongrel.rb:159:in `process_client'
    /Library/Ruby/Gems/1.8/gems/mongrel-1.1.5/lib/mongrel.rb:158:in `each'
    /Library/Ruby/Gems/1.8/gems/mongrel-1.1.5/lib/mongrel.rb:158:in `process_client'
    /Library/Ruby/Gems/1.8/gems/mongrel-1.1.5/lib/mongrel.rb:285:in `run'
    /Library/Ruby/Gems/1.8/gems/mongrel-1.1.5/lib/mongrel.rb:285:in `initialize'
    /Library/Ruby/Gems/1.8/gems/mongrel-1.1.5/lib/mongrel.rb:285:in `new'
    /Library/Ruby/Gems/1.8/gems/mongrel-1.1.5/lib/mongrel.rb:285:in `run'
    /Library/Ruby/Gems/1.8/gems/mongrel-1.1.5/lib/mongrel.rb:268:in `initialize'
    /Library/Ruby/Gems/1.8/gems/mongrel-1.1.5/lib/mongrel.rb:268:in `new'
    /Library/Ruby/Gems/1.8/gems/mongrel-1.1.5/lib/mongrel.rb:268:in `run'
    /Library/Ruby/Gems/1.8/gems/mongrel-1.1.5/lib/mongrel/configurator.rb:282:in `run'
    /Library/Ruby/Gems/1.8/gems/mongrel-1.1.5/lib/mongrel/configurator.rb:281:in `each'
    /Library/Ruby/Gems/1.8/gems/mongrel-1.1.5/lib/mongrel/configurator.rb:281:in `run'
    /Library/Ruby/Gems/1.8/gems/mongrel-1.1.5/bin/mongrel_rails:128:in `run'
    /Library/Ruby/Gems/1.8/gems/mongrel-1.1.5/lib/mongrel/command.rb:212:in `run'
    /Library/Ruby/Gems/1.8/gems/mongrel-1.1.5/bin/mongrel_rails:281
    /vendor/rails/activesupport/lib/active_support/dependencies.rb:503:in `load'
    /vendor/rails/activesupport/lib/active_support/dependencies.rb:503:in `load'
    /vendor/rails/activesupport/lib/active_support/dependencies.rb:355:in `new_constants_in'
    /vendor/rails/activesupport/lib/active_support/dependencies.rb:503:in `load'
    /vendor/rails/railties/lib/commands/servers/mongrel.rb:64
    /Library/Ruby/Site/1.8/rubygems/custom_require.rb:27:in `gem_original_require'
    /Library/Ruby/Site/1.8/rubygems/custom_require.rb:27:in `require'
    /vendor/rails/activesupport/lib/active_support/dependencies.rb:510:in `require'
    /vendor/rails/activesupport/lib/active_support/dependencies.rb:355:in `new_constants_in'
    /vendor/rails/activesupport/lib/active_support/dependencies.rb:510:in `require'
    /vendor/rails/railties/lib/commands/server.rb:49
    /Library/Ruby/Site/1.8/rubygems/custom_require.rb:27:in `gem_original_require'
    /Library/Ruby/Site/1.8/rubygems/custom_require.rb:27:in `require'
    script/server:3

Rendering /Users/tih_ra/Documents/rails_prj/svn/robotek/vendor/rails/actionpack/lib/action_controller/templates/rescues/layout.erb (internal_server_error)


Processing PagesController#index (for 127.0.0.1 at 2008-06-30 01:01:14) [GET]
  Session ID: 0bf707274413a8ed7f63445a3e3de7ad
  Parameters: {"action"=>"index", "controller"=>"admin/pages"}
DEPRECATION WARNING: Inflector is deprecated! Use ActiveSupport::Inflector instead.  See http://www.rubyonrails.org/deprecation for details. (called from file_column at /Users/tih_ra/Documents/rails_prj/svn/robotek/vendor/plugins/file_column/lib/file_column.rb:619)
  [4;36;1mUser Columns (0.002728)[0m   [0;1mSHOW FIELDS FROM `users`[0m
  [4;35;1mUser Load (0.002106)[0m   [0mSELECT * FROM `users` WHERE (`users`.`id` = 7) LIMIT 1[0m


NoMethodError (undefined method `paginate' for #<Admin::PagesController:0x224253c>):
    /app/controllers/admin/pages_controller.rb:6:in `index'
    /vendor/rails/actionpack/lib/action_controller/base.rb:1151:in `send'
    /vendor/rails/actionpack/lib/action_controller/base.rb:1151:in `perform_action_without_filters'
    /vendor/rails/actionpack/lib/action_controller/filters.rb:580:in `call_filters'
    /vendor/rails/actionpack/lib/action_controller/filters.rb:573:in `perform_action_without_benchmark'
    /vendor/rails/actionpack/lib/action_controller/benchmarking.rb:68:in `perform_action_without_rescue'
    /System/Library/Frameworks/Ruby.framework/Versions/1.8/usr/lib/ruby/1.8/benchmark.rb:293:in `measure'
    /vendor/rails/actionpack/lib/action_controller/benchmarking.rb:68:in `perform_action_without_rescue'
    /vendor/rails/actionpack/lib/action_controller/rescue.rb:201:in `perform_action_without_caching'
    /vendor/rails/actionpack/lib/action_controller/caching/sql_cache.rb:13:in `perform_action'
    /vendor/rails/activerecord/lib/active_record/connection_adapters/abstract/query_cache.rb:33:in `cache'
    /vendor/rails/activerecord/lib/active_record/query_cache.rb:8:in `cache'
    /vendor/rails/actionpack/lib/action_controller/caching/sql_cache.rb:12:in `perform_action'
    /vendor/rails/actionpack/lib/action_controller/base.rb:519:in `send'
    /vendor/rails/actionpack/lib/action_controller/base.rb:519:in `process_without_filters'
    /vendor/rails/actionpack/lib/action_controller/filters.rb:569:in `process_without_session_management_support'
    /vendor/rails/actionpack/lib/action_controller/session_management.rb:130:in `process'
    /vendor/rails/actionpack/lib/action_controller/base.rb:382:in `process'
    /vendor/rails/actionpack/lib/action_controller/dispatcher.rb:155:in `handle_request'
    /vendor/rails/actionpack/lib/action_controller/dispatcher.rb:107:in `dispatch'
    /vendor/rails/actionpack/lib/action_controller/dispatcher.rb:104:in `synchronize'
    /vendor/rails/actionpack/lib/action_controller/dispatcher.rb:104:in `dispatch'
    /vendor/rails/actionpack/lib/action_controller/dispatcher.rb:120:in `dispatch_cgi'
    /vendor/rails/actionpack/lib/action_controller/dispatcher.rb:35:in `dispatch'
    /Library/Ruby/Gems/1.8/gems/mongrel-1.1.5/bin/../lib/mongrel/rails.rb:76:in `process'
    /Library/Ruby/Gems/1.8/gems/mongrel-1.1.5/bin/../lib/mongrel/rails.rb:74:in `synchronize'
    /Library/Ruby/Gems/1.8/gems/mongrel-1.1.5/bin/../lib/mongrel/rails.rb:74:in `process'
    /Library/Ruby/Gems/1.8/gems/mongrel-1.1.5/lib/mongrel.rb:159:in `process_client'
    /Library/Ruby/Gems/1.8/gems/mongrel-1.1.5/lib/mongrel.rb:158:in `each'
    /Library/Ruby/Gems/1.8/gems/mongrel-1.1.5/lib/mongrel.rb:158:in `process_client'
    /Library/Ruby/Gems/1.8/gems/mongrel-1.1.5/lib/mongrel.rb:285:in `run'
    /Library/Ruby/Gems/1.8/gems/mongrel-1.1.5/lib/mongrel.rb:285:in `initialize'
    /Library/Ruby/Gems/1.8/gems/mongrel-1.1.5/lib/mongrel.rb:285:in `new'
    /Library/Ruby/Gems/1.8/gems/mongrel-1.1.5/lib/mongrel.rb:285:in `run'
    /Library/Ruby/Gems/1.8/gems/mongrel-1.1.5/lib/mongrel.rb:268:in `initialize'
    /Library/Ruby/Gems/1.8/gems/mongrel-1.1.5/lib/mongrel.rb:268:in `new'
    /Library/Ruby/Gems/1.8/gems/mongrel-1.1.5/lib/mongrel.rb:268:in `run'
    /Library/Ruby/Gems/1.8/gems/mongrel-1.1.5/lib/mongrel/configurator.rb:282:in `run'
    /Library/Ruby/Gems/1.8/gems/mongrel-1.1.5/lib/mongrel/configurator.rb:281:in `each'
    /Library/Ruby/Gems/1.8/gems/mongrel-1.1.5/lib/mongrel/configurator.rb:281:in `run'
    /Library/Ruby/Gems/1.8/gems/mongrel-1.1.5/bin/mongrel_rails:128:in `run'
    /Library/Ruby/Gems/1.8/gems/mongrel-1.1.5/lib/mongrel/command.rb:212:in `run'
    /Library/Ruby/Gems/1.8/gems/mongrel-1.1.5/bin/mongrel_rails:281
    /vendor/rails/activesupport/lib/active_support/dependencies.rb:503:in `load'
    /vendor/rails/activesupport/lib/active_support/dependencies.rb:503:in `load'
    /vendor/rails/activesupport/lib/active_support/dependencies.rb:355:in `new_constants_in'
    /vendor/rails/activesupport/lib/active_support/dependencies.rb:503:in `load'
    /vendor/rails/railties/lib/commands/servers/mongrel.rb:64
    /Library/Ruby/Site/1.8/rubygems/custom_require.rb:27:in `gem_original_require'
    /Library/Ruby/Site/1.8/rubygems/custom_require.rb:27:in `require'
    /vendor/rails/activesupport/lib/active_support/dependencies.rb:510:in `require'
    /vendor/rails/activesupport/lib/active_support/dependencies.rb:355:in `new_constants_in'
    /vendor/rails/activesupport/lib/active_support/dependencies.rb:510:in `require'
    /vendor/rails/railties/lib/commands/server.rb:49
    /Library/Ruby/Site/1.8/rubygems/custom_require.rb:27:in `gem_original_require'
    /Library/Ruby/Site/1.8/rubygems/custom_require.rb:27:in `require'
    script/server:3

Rendering /Users/tih_ra/Documents/rails_prj/svn/robotek/vendor/rails/actionpack/lib/action_controller/templates/rescues/layout.erb (internal_server_error)


Processing PodcastsController#index (for 127.0.0.1 at 2008-06-30 01:01:16) [GET]
  Session ID: 0bf707274413a8ed7f63445a3e3de7ad
  Parameters: {"action"=>"index", "controller"=>"admin/podcasts"}
DEPRECATION WARNING: Inflector is deprecated! Use ActiveSupport::Inflector instead.  See http://www.rubyonrails.org/deprecation for details. (called from file_column at /Users/tih_ra/Documents/rails_prj/svn/robotek/vendor/plugins/file_column/lib/file_column.rb:619)
  [4;36;1mUser Columns (0.001977)[0m   [0;1mSHOW FIELDS FROM `users`[0m
  [4;35;1mUser Load (0.000901)[0m   [0mSELECT * FROM `users` WHERE (`users`.`id` = 7) LIMIT 1[0m


NoMethodError (undefined method `paginate' for #<Admin::PodcastsController:0x201fee4>):
    /app/controllers/admin/podcasts_controller.rb:6:in `index'
    /vendor/rails/actionpack/lib/action_controller/base.rb:1151:in `send'
    /vendor/rails/actionpack/lib/action_controller/base.rb:1151:in `perform_action_without_filters'
    /vendor/rails/actionpack/lib/action_controller/filters.rb:580:in `call_filters'
    /vendor/rails/actionpack/lib/action_controller/filters.rb:573:in `perform_action_without_benchmark'
    /vendor/rails/actionpack/lib/action_controller/benchmarking.rb:68:in `perform_action_without_rescue'
    /System/Library/Frameworks/Ruby.framework/Versions/1.8/usr/lib/ruby/1.8/benchmark.rb:293:in `measure'
    /vendor/rails/actionpack/lib/action_controller/benchmarking.rb:68:in `perform_action_without_rescue'
    /vendor/rails/actionpack/lib/action_controller/rescue.rb:201:in `perform_action_without_caching'
    /vendor/rails/actionpack/lib/action_controller/caching/sql_cache.rb:13:in `perform_action'
    /vendor/rails/activerecord/lib/active_record/connection_adapters/abstract/query_cache.rb:33:in `cache'
    /vendor/rails/activerecord/lib/active_record/query_cache.rb:8:in `cache'
    /vendor/rails/actionpack/lib/action_controller/caching/sql_cache.rb:12:in `perform_action'
    /vendor/rails/actionpack/lib/action_controller/base.rb:519:in `send'
    /vendor/rails/actionpack/lib/action_controller/base.rb:519:in `process_without_filters'
    /vendor/rails/actionpack/lib/action_controller/filters.rb:569:in `process_without_session_management_support'
    /vendor/rails/actionpack/lib/action_controller/session_management.rb:130:in `process'
    /vendor/rails/actionpack/lib/action_controller/base.rb:382:in `process'
    /vendor/rails/actionpack/lib/action_controller/dispatcher.rb:155:in `handle_request'
    /vendor/rails/actionpack/lib/action_controller/dispatcher.rb:107:in `dispatch'
    /vendor/rails/actionpack/lib/action_controller/dispatcher.rb:104:in `synchronize'
    /vendor/rails/actionpack/lib/action_controller/dispatcher.rb:104:in `dispatch'
    /vendor/rails/actionpack/lib/action_controller/dispatcher.rb:120:in `dispatch_cgi'
    /vendor/rails/actionpack/lib/action_controller/dispatcher.rb:35:in `dispatch'
    /Library/Ruby/Gems/1.8/gems/mongrel-1.1.5/bin/../lib/mongrel/rails.rb:76:in `process'
    /Library/Ruby/Gems/1.8/gems/mongrel-1.1.5/bin/../lib/mongrel/rails.rb:74:in `synchronize'
    /Library/Ruby/Gems/1.8/gems/mongrel-1.1.5/bin/../lib/mongrel/rails.rb:74:in `process'
    /Library/Ruby/Gems/1.8/gems/mongrel-1.1.5/lib/mongrel.rb:159:in `process_client'
    /Library/Ruby/Gems/1.8/gems/mongrel-1.1.5/lib/mongrel.rb:158:in `each'
    /Library/Ruby/Gems/1.8/gems/mongrel-1.1.5/lib/mongrel.rb:158:in `process_client'
    /Library/Ruby/Gems/1.8/gems/mongrel-1.1.5/lib/mongrel.rb:285:in `run'
    /Library/Ruby/Gems/1.8/gems/mongrel-1.1.5/lib/mongrel.rb:285:in `initialize'
    /Library/Ruby/Gems/1.8/gems/mongrel-1.1.5/lib/mongrel.rb:285:in `new'
    /Library/Ruby/Gems/1.8/gems/mongrel-1.1.5/lib/mongrel.rb:285:in `run'
    /Library/Ruby/Gems/1.8/gems/mongrel-1.1.5/lib/mongrel.rb:268:in `initialize'
    /Library/Ruby/Gems/1.8/gems/mongrel-1.1.5/lib/mongrel.rb:268:in `new'
    /Library/Ruby/Gems/1.8/gems/mongrel-1.1.5/lib/mongrel.rb:268:in `run'
    /Library/Ruby/Gems/1.8/gems/mongrel-1.1.5/lib/mongrel/configurator.rb:282:in `run'
    /Library/Ruby/Gems/1.8/gems/mongrel-1.1.5/lib/mongrel/configurator.rb:281:in `each'
    /Library/Ruby/Gems/1.8/gems/mongrel-1.1.5/lib/mongrel/configurator.rb:281:in `run'
    /Library/Ruby/Gems/1.8/gems/mongrel-1.1.5/bin/mongrel_rails:128:in `run'
    /Library/Ruby/Gems/1.8/gems/mongrel-1.1.5/lib/mongrel/command.rb:212:in `run'
    /Library/Ruby/Gems/1.8/gems/mongrel-1.1.5/bin/mongrel_rails:281
    /vendor/rails/activesupport/lib/active_support/dependencies.rb:503:in `load'
    /vendor/rails/activesupport/lib/active_support/dependencies.rb:503:in `load'
    /vendor/rails/activesupport/lib/active_support/dependencies.rb:355:in `new_constants_in'
    /vendor/rails/activesupport/lib/active_support/dependencies.rb:503:in `load'
    /vendor/rails/railties/lib/commands/servers/mongrel.rb:64
    /Library/Ruby/Site/1.8/rubygems/custom_require.rb:27:in `gem_original_require'
    /Library/Ruby/Site/1.8/rubygems/custom_require.rb:27:in `require'
    /vendor/rails/activesupport/lib/active_support/dependencies.rb:510:in `require'
    /vendor/rails/activesupport/lib/active_support/dependencies.rb:355:in `new_constants_in'
    /vendor/rails/activesupport/lib/active_support/dependencies.rb:510:in `require'
    /vendor/rails/railties/lib/commands/server.rb:49
    /Library/Ruby/Site/1.8/rubygems/custom_require.rb:27:in `gem_original_require'
    /Library/Ruby/Site/1.8/rubygems/custom_require.rb:27:in `require'
    script/server:3

Rendering /Users/tih_ra/Documents/rails_prj/svn/robotek/vendor/rails/actionpack/lib/action_controller/templates/rescues/layout.erb (internal_server_error)


Processing ApplicationController#index (for 127.0.0.1 at 2008-06-30 01:01:19) [GET]
  Session ID: 0bf707274413a8ed7f63445a3e3de7ad
  Parameters: {"action"=>"index", "controller"=>"admin/invitations"}


NoMethodError (undefined method `active_scaffold' for Admin::InvitationsController:Class):
    /app/controllers/admin/invitations_controller.rb:3
    /vendor/rails/activesupport/lib/active_support/dependencies.rb:216:in `load_without_new_constant_marking'
    /vendor/rails/activesupport/lib/active_support/dependencies.rb:216:in `load_file'
    /vendor/rails/activesupport/lib/active_support/dependencies.rb:355:in `new_constants_in'
    /vendor/rails/activesupport/lib/active_support/dependencies.rb:215:in `load_file'
    /vendor/rails/activesupport/lib/active_support/dependencies.rb:96:in `require_or_load'
    /vendor/rails/activesupport/lib/active_support/dependencies.rb:261:in `load_missing_constant'
    /vendor/rails/activesupport/lib/active_support/dependencies.rb:468:in `const_missing'
    /vendor/rails/activesupport/lib/active_support/inflector.rb:284:in `constantize'
    /vendor/rails/activesupport/lib/active_support/core_ext/string/inflections.rb:143:in `constantize'
    /vendor/rails/actionpack/lib/action_controller/routing/route_set.rb:386:in `recognize'
    /vendor/rails/actionpack/lib/action_controller/dispatcher.rb:154:in `handle_request'
    /vendor/rails/actionpack/lib/action_controller/dispatcher.rb:107:in `dispatch'
    /vendor/rails/actionpack/lib/action_controller/dispatcher.rb:104:in `synchronize'
    /vendor/rails/actionpack/lib/action_controller/dispatcher.rb:104:in `dispatch'
    /vendor/rails/actionpack/lib/action_controller/dispatcher.rb:120:in `dispatch_cgi'
    /vendor/rails/actionpack/lib/action_controller/dispatcher.rb:35:in `dispatch'
    /Library/Ruby/Gems/1.8/gems/mongrel-1.1.5/bin/../lib/mongrel/rails.rb:76:in `process'
    /Library/Ruby/Gems/1.8/gems/mongrel-1.1.5/bin/../lib/mongrel/rails.rb:74:in `synchronize'
    /Library/Ruby/Gems/1.8/gems/mongrel-1.1.5/bin/../lib/mongrel/rails.rb:74:in `process'
    /Library/Ruby/Gems/1.8/gems/mongrel-1.1.5/lib/mongrel.rb:159:in `process_client'
    /Library/Ruby/Gems/1.8/gems/mongrel-1.1.5/lib/mongrel.rb:158:in `each'
    /Library/Ruby/Gems/1.8/gems/mongrel-1.1.5/lib/mongrel.rb:158:in `process_client'
    /Library/Ruby/Gems/1.8/gems/mongrel-1.1.5/lib/mongrel.rb:285:in `run'
    /Library/Ruby/Gems/1.8/gems/mongrel-1.1.5/lib/mongrel.rb:285:in `initialize'
    /Library/Ruby/Gems/1.8/gems/mongrel-1.1.5/lib/mongrel.rb:285:in `new'
    /Library/Ruby/Gems/1.8/gems/mongrel-1.1.5/lib/mongrel.rb:285:in `run'
    /Library/Ruby/Gems/1.8/gems/mongrel-1.1.5/lib/mongrel.rb:268:in `initialize'
    /Library/Ruby/Gems/1.8/gems/mongrel-1.1.5/lib/mongrel.rb:268:in `new'
    /Library/Ruby/Gems/1.8/gems/mongrel-1.1.5/lib/mongrel.rb:268:in `run'
    /Library/Ruby/Gems/1.8/gems/mongrel-1.1.5/lib/mongrel/configurator.rb:282:in `run'
    /Library/Ruby/Gems/1.8/gems/mongrel-1.1.5/lib/mongrel/configurator.rb:281:in `each'
    /Library/Ruby/Gems/1.8/gems/mongrel-1.1.5/lib/mongrel/configurator.rb:281:in `run'
    /Library/Ruby/Gems/1.8/gems/mongrel-1.1.5/bin/mongrel_rails:128:in `run'
    /Library/Ruby/Gems/1.8/gems/mongrel-1.1.5/lib/mongrel/command.rb:212:in `run'
    /Library/Ruby/Gems/1.8/gems/mongrel-1.1.5/bin/mongrel_rails:281
    /vendor/rails/activesupport/lib/active_support/dependencies.rb:503:in `load'
    /vendor/rails/activesupport/lib/active_support/dependencies.rb:503:in `load'
    /vendor/rails/activesupport/lib/active_support/dependencies.rb:355:in `new_constants_in'
    /vendor/rails/activesupport/lib/active_support/dependencies.rb:503:in `load'
    /vendor/rails/railties/lib/commands/servers/mongrel.rb:64
    /Library/Ruby/Site/1.8/rubygems/custom_require.rb:27:in `gem_original_require'
    /Library/Ruby/Site/1.8/rubygems/custom_require.rb:27:in `require'
    /vendor/rails/activesupport/lib/active_support/dependencies.rb:510:in `require'
    /vendor/rails/activesupport/lib/active_support/dependencies.rb:355:in `new_constants_in'
    /vendor/rails/activesupport/lib/active_support/dependencies.rb:510:in `require'
    /vendor/rails/railties/lib/commands/server.rb:49
    /Library/Ruby/Site/1.8/rubygems/custom_require.rb:27:in `gem_original_require'
    /Library/Ruby/Site/1.8/rubygems/custom_require.rb:27:in `require'
    script/server:3

Rendering /Users/tih_ra/Documents/rails_prj/svn/robotek/vendor/rails/actionpack/lib/action_controller/templates/rescues/layout.erb (internal_server_error)


Processing ApplicationController#index (for 127.0.0.1 at 2008-06-30 01:01:22) [GET]
  Session ID: 0bf707274413a8ed7f63445a3e3de7ad
  Parameters: {"action"=>"index", "controller"=>"admin/users"}


NoMethodError (undefined method `active_scaffold' for Admin::UsersController:Class):
    /app/controllers/admin/users_controller.rb:3
    /vendor/rails/activesupport/lib/active_support/dependencies.rb:216:in `load_without_new_constant_marking'
    /vendor/rails/activesupport/lib/active_support/dependencies.rb:216:in `load_file'
    /vendor/rails/activesupport/lib/active_support/dependencies.rb:355:in `new_constants_in'
    /vendor/rails/activesupport/lib/active_support/dependencies.rb:215:in `load_file'
    /vendor/rails/activesupport/lib/active_support/dependencies.rb:96:in `require_or_load'
    /vendor/rails/activesupport/lib/active_support/dependencies.rb:261:in `load_missing_constant'
    /vendor/rails/activesupport/lib/active_support/dependencies.rb:468:in `const_missing'
    /vendor/rails/activesupport/lib/active_support/inflector.rb:284:in `constantize'
    /vendor/rails/activesupport/lib/active_support/core_ext/string/inflections.rb:143:in `constantize'
    /vendor/rails/actionpack/lib/action_controller/routing/route_set.rb:386:in `recognize'
    /vendor/rails/actionpack/lib/action_controller/dispatcher.rb:154:in `handle_request'
    /vendor/rails/actionpack/lib/action_controller/dispatcher.rb:107:in `dispatch'
    /vendor/rails/actionpack/lib/action_controller/dispatcher.rb:104:in `synchronize'
    /vendor/rails/actionpack/lib/action_controller/dispatcher.rb:104:in `dispatch'
    /vendor/rails/actionpack/lib/action_controller/dispatcher.rb:120:in `dispatch_cgi'
    /vendor/rails/actionpack/lib/action_controller/dispatcher.rb:35:in `dispatch'
    /Library/Ruby/Gems/1.8/gems/mongrel-1.1.5/bin/../lib/mongrel/rails.rb:76:in `process'
    /Library/Ruby/Gems/1.8/gems/mongrel-1.1.5/bin/../lib/mongrel/rails.rb:74:in `synchronize'
    /Library/Ruby/Gems/1.8/gems/mongrel-1.1.5/bin/../lib/mongrel/rails.rb:74:in `process'
    /Library/Ruby/Gems/1.8/gems/mongrel-1.1.5/lib/mongrel.rb:159:in `process_client'
    /Library/Ruby/Gems/1.8/gems/mongrel-1.1.5/lib/mongrel.rb:158:in `each'
    /Library/Ruby/Gems/1.8/gems/mongrel-1.1.5/lib/mongrel.rb:158:in `process_client'
    /Library/Ruby/Gems/1.8/gems/mongrel-1.1.5/lib/mongrel.rb:285:in `run'
    /Library/Ruby/Gems/1.8/gems/mongrel-1.1.5/lib/mongrel.rb:285:in `initialize'
    /Library/Ruby/Gems/1.8/gems/mongrel-1.1.5/lib/mongrel.rb:285:in `new'
    /Library/Ruby/Gems/1.8/gems/mongrel-1.1.5/lib/mongrel.rb:285:in `run'
    /Library/Ruby/Gems/1.8/gems/mongrel-1.1.5/lib/mongrel.rb:268:in `initialize'
    /Library/Ruby/Gems/1.8/gems/mongrel-1.1.5/lib/mongrel.rb:268:in `new'
    /Library/Ruby/Gems/1.8/gems/mongrel-1.1.5/lib/mongrel.rb:268:in `run'
    /Library/Ruby/Gems/1.8/gems/mongrel-1.1.5/lib/mongrel/configurator.rb:282:in `run'
    /Library/Ruby/Gems/1.8/gems/mongrel-1.1.5/lib/mongrel/configurator.rb:281:in `each'
    /Library/Ruby/Gems/1.8/gems/mongrel-1.1.5/lib/mongrel/configurator.rb:281:in `run'
    /Library/Ruby/Gems/1.8/gems/mongrel-1.1.5/bin/mongrel_rails:128:in `run'
    /Library/Ruby/Gems/1.8/gems/mongrel-1.1.5/lib/mongrel/command.rb:212:in `run'
    /Library/Ruby/Gems/1.8/gems/mongrel-1.1.5/bin/mongrel_rails:281
    /vendor/rails/activesupport/lib/active_support/dependencies.rb:503:in `load'
    /vendor/rails/activesupport/lib/active_support/dependencies.rb:503:in `load'
    /vendor/rails/activesupport/lib/active_support/dependencies.rb:355:in `new_constants_in'
    /vendor/rails/activesupport/lib/active_support/dependencies.rb:503:in `load'
    /vendor/rails/railties/lib/commands/servers/mongrel.rb:64
    /Library/Ruby/Site/1.8/rubygems/custom_require.rb:27:in `gem_original_require'
    /Library/Ruby/Site/1.8/rubygems/custom_require.rb:27:in `require'
    /vendor/rails/activesupport/lib/active_support/dependencies.rb:510:in `require'
    /vendor/rails/activesupport/lib/active_support/dependencies.rb:355:in `new_constants_in'
    /vendor/rails/activesupport/lib/active_support/dependencies.rb:510:in `require'
    /vendor/rails/railties/lib/commands/server.rb:49
    /Library/Ruby/Site/1.8/rubygems/custom_require.rb:27:in `gem_original_require'
    /Library/Ruby/Site/1.8/rubygems/custom_require.rb:27:in `require'
    script/server:3

Rendering /Users/tih_ra/Documents/rails_prj/svn/robotek/vendor/rails/actionpack/lib/action_controller/templates/rescues/layout.erb (internal_server_error)


Processing InvitationsController#index (for 127.0.0.1 at 2008-06-30 01:01:53) [GET]
  Session ID: 0bf707274413a8ed7f63445a3e3de7ad
  Parameters: {"action"=>"index", "controller"=>"invitations"}
DEPRECATION WARNING: Inflector is deprecated! Use ActiveSupport::Inflector instead.  See http://www.rubyonrails.org/deprecation for details. (called from file_column at /Users/tih_ra/Documents/rails_prj/svn/robotek/vendor/plugins/file_column/lib/file_column.rb:619)
  [4;36;1mUser Columns (0.101126)[0m   [0;1mSHOW FIELDS FROM `users`[0m
  [4;35;1mUser Load (0.000365)[0m   [0mSELECT * FROM `users` WHERE (`users`.`id` = 7) LIMIT 1[0m
  [4;36;1mUser Load (0.000472)[0m   [0;1mSELECT * FROM `users` WHERE (invitation_id = 7) [0m
Rendering template within layouts/site
Rendering invitations/index
Rendered includes/_icon (0.00048)
Rendered invitations/_users (0.00266)
Rendered includes/_icon (0.00028)
Rendered invitations/_users (0.00110)
Rendered includes/_icon (0.00026)
Rendered includes/_icon (0.00018)
Rendered includes/_profile (0.00492)
Rendered includes/_login_form (0.00759)
Rendered includes/_menu (0.00144)
  [4;35;1mPage Columns (0.001784)[0m   [0mSHOW FIELDS FROM `pages`[0m
  [4;36;1mPage Load (0.000402)[0m   [0;1mSELECT * FROM `pages` WHERE (`pages`.`name` = 'sidebar') LIMIT 1[0m
Rendered includes/_footer (0.00081)
Completed in 0.16621 (6 reqs/sec) | Rendering: 0.04678 (28%) | DB: 0.14448 (86%) | 200 OK [http://localhost/invitations]


Processing ApplicationController#index (for 127.0.0.1 at 2008-06-30 01:01:53) [GET]
  Session ID: 0bf707274413a8ed7f63445a3e3de7ad
  Parameters: {}


ActionController::RoutingError (No route matches "/user/icon/16/I_3.jpg" with {:method=>:get}):
    /vendor/rails/actionpack/lib/action_controller/routing/recognition_optimisation.rb:67:in `recognize_path'
    /vendor/rails/actionpack/lib/action_controller/routing/route_set.rb:384:in `recognize'
    /vendor/rails/actionpack/lib/action_controller/dispatcher.rb:154:in `handle_request'
    /vendor/rails/actionpack/lib/action_controller/dispatcher.rb:107:in `dispatch'
    /vendor/rails/actionpack/lib/action_controller/dispatcher.rb:104:in `synchronize'
    /vendor/rails/actionpack/lib/action_controller/dispatcher.rb:104:in `dispatch'
    /vendor/rails/actionpack/lib/action_controller/dispatcher.rb:120:in `dispatch_cgi'
    /vendor/rails/actionpack/lib/action_controller/dispatcher.rb:35:in `dispatch'
    /Library/Ruby/Gems/1.8/gems/mongrel-1.1.5/bin/../lib/mongrel/rails.rb:76:in `process'
    /Library/Ruby/Gems/1.8/gems/mongrel-1.1.5/bin/../lib/mongrel/rails.rb:74:in `synchronize'
    /Library/Ruby/Gems/1.8/gems/mongrel-1.1.5/bin/../lib/mongrel/rails.rb:74:in `process'
    /Library/Ruby/Gems/1.8/gems/mongrel-1.1.5/lib/mongrel.rb:159:in `process_client'
    /Library/Ruby/Gems/1.8/gems/mongrel-1.1.5/lib/mongrel.rb:158:in `each'
    /Library/Ruby/Gems/1.8/gems/mongrel-1.1.5/lib/mongrel.rb:158:in `process_client'
    /Library/Ruby/Gems/1.8/gems/mongrel-1.1.5/lib/mongrel.rb:285:in `run'
    /Library/Ruby/Gems/1.8/gems/mongrel-1.1.5/lib/mongrel.rb:285:in `initialize'
    /Library/Ruby/Gems/1.8/gems/mongrel-1.1.5/lib/mongrel.rb:285:in `new'
    /Library/Ruby/Gems/1.8/gems/mongrel-1.1.5/lib/mongrel.rb:285:in `run'
    /Library/Ruby/Gems/1.8/gems/mongrel-1.1.5/lib/mongrel.rb:268:in `initialize'
    /Library/Ruby/Gems/1.8/gems/mongrel-1.1.5/lib/mongrel.rb:268:in `new'
    /Library/Ruby/Gems/1.8/gems/mongrel-1.1.5/lib/mongrel.rb:268:in `run'
    /Library/Ruby/Gems/1.8/gems/mongrel-1.1.5/lib/mongrel/configurator.rb:282:in `run'
    /Library/Ruby/Gems/1.8/gems/mongrel-1.1.5/lib/mongrel/configurator.rb:281:in `each'
    /Library/Ruby/Gems/1.8/gems/mongrel-1.1.5/lib/mongrel/configurator.rb:281:in `run'
    /Library/Ruby/Gems/1.8/gems/mongrel-1.1.5/bin/mongrel_rails:128:in `run'
    /Library/Ruby/Gems/1.8/gems/mongrel-1.1.5/lib/mongrel/command.rb:212:in `run'
    /Library/Ruby/Gems/1.8/gems/mongrel-1.1.5/bin/mongrel_rails:281
    /vendor/rails/activesupport/lib/active_support/dependencies.rb:503:in `load'
    /vendor/rails/activesupport/lib/active_support/dependencies.rb:503:in `load'
    /vendor/rails/activesupport/lib/active_support/dependencies.rb:355:in `new_constants_in'
    /vendor/rails/activesupport/lib/active_support/dependencies.rb:503:in `load'
    /vendor/rails/railties/lib/commands/servers/mongrel.rb:64
    /Library/Ruby/Site/1.8/rubygems/custom_require.rb:27:in `gem_original_require'
    /Library/Ruby/Site/1.8/rubygems/custom_require.rb:27:in `require'
    /vendor/rails/activesupport/lib/active_support/dependencies.rb:510:in `require'
    /vendor/rails/activesupport/lib/active_support/dependencies.rb:355:in `new_constants_in'
    /vendor/rails/activesupport/lib/active_support/dependencies.rb:510:in `require'
    /vendor/rails/railties/lib/commands/server.rb:49
    /Library/Ruby/Site/1.8/rubygems/custom_require.rb:27:in `gem_original_require'
    /Library/Ruby/Site/1.8/rubygems/custom_require.rb:27:in `require'
    script/server:3

Rendering /Users/tih_ra/Documents/rails_prj/svn/robotek/vendor/rails/actionpack/lib/action_controller/templates/rescues/layout.erb (not_found)


Processing ArticlesController#index (for 127.0.0.1 at 2008-06-30 01:12:04) [GET]
  Session ID: 0bf707274413a8ed7f63445a3e3de7ad
  Parameters: {"format"=>"html", "action"=>"index", "controller"=>"articles"}
  [4;35;1mArticle Load (0.001822)[0m   [0mSELECT * FROM `articles` WHERE (`articles`.`is_active` = 1) ORDER BY articles.created_at DESC LIMIT 0, 10[0m
  [4;36;1mArticle Columns (0.002975)[0m   [0;1mSHOW FIELDS FROM `articles`[0m
DEPRECATION WARNING: Inflector is deprecated! Use ActiveSupport::Inflector instead.  See http://www.rubyonrails.org/deprecation for details. (called from file_column at /Users/tih_ra/Documents/rails_prj/svn/robotek/vendor/plugins/file_column/lib/file_column.rb:619)
  [4;35;1mUser Load (0.000374)[0m   [0mSELECT * FROM `users` WHERE (`users`.id IN (NULL)) [0m
  [4;36;1mComment Load (0.006815)[0m   [0;1mSELECT `comments`.* FROM `comments` WHERE (`comments`.`commentable_id` IN (26,25,24,23,22,21,20,19,18,17) and `comments`.`commentable_type` = 'Article') ORDER BY created_at ASC[0m
  [4;35;1mComment Columns (0.002845)[0m   [0mSHOW FIELDS FROM `comments`[0m
  [4;36;1mSQL (0.011393)[0m   [0;1mSELECT count(DISTINCT `articles`.id) AS count_all FROM `articles` LEFT OUTER JOIN `users` ON `users`.id = `articles`.user_id LEFT OUTER JOIN `comments` ON `comments`.commentable_id = `articles`.id AND `comments`.commentable_type = 'Article' WHERE (`articles`.`is_active` = 1) [0m
Rendering template within layouts/site
Rendering articles/index
  [4;35;1mSQL (0.000635)[0m   [0mSELECT count(*) AS count_all FROM `comments` WHERE (`comments`.commentable_id = 26 AND `comments`.commentable_type = 'Article') [0m
  [4;36;1mUser Columns (0.002568)[0m   [0;1mSHOW FIELDS FROM `users`[0m
  [4;35;1mUser Load (0.000323)[0m   [0mSELECT * FROM `users` WHERE (`users`.`id` = 7) LIMIT 1[0m
  [4;36;1mUserSubscribe Columns (0.002121)[0m   [0;1mSHOW FIELDS FROM `user_subscribes`[0m
  [4;35;1mUserSubscribe Load (0.000444)[0m   [0mSELECT * FROM `user_subscribes` WHERE (`user_subscribes`.`user_id` = 7) AND (`user_subscribes`.subscribtable_id = 26 AND `user_subscribes`.subscribtable_type = 'Article') LIMIT 1[0m
  [4;36;1mSQL (0.001103)[0m   [0;1mSELECT count(*) AS count_all FROM `comments` WHERE (`comments`.commentable_id = 26 AND `comments`.commentable_type = 'Article' AND (created_at > '2007-11-25 18:21:50' and user_id != 7)) [0m
Rendered articles/_article (0.01669)
  [4;35;1mSQL (0.000755)[0m   [0mSELECT count(*) AS count_all FROM `comments` WHERE (`comments`.commentable_id = 25 AND `comments`.commentable_type = 'Article') [0m
  [4;36;1mUserSubscribe Load (0.000331)[0m   [0;1mSELECT * FROM `user_subscribes` WHERE (`user_subscribes`.`user_id` = 7) AND (`user_subscribes`.subscribtable_id = 25 AND `user_subscribes`.subscribtable_type = 'Article') LIMIT 1[0m
  [4;35;1mCACHE (0.000000)[0m   [0mSELECT count(*) AS count_all FROM `comments` WHERE (`comments`.commentable_id = 25 AND `comments`.commentable_type = 'Article') [0m
Rendered articles/_article (0.00368)
  [4;36;1mSQL (0.000735)[0m   [0;1mSELECT count(*) AS count_all FROM `comments` WHERE (`comments`.commentable_id = 24 AND `comments`.commentable_type = 'Article') [0m
  [4;35;1mUserSubscribe Load (0.000237)[0m   [0mSELECT * FROM `user_subscribes` WHERE (`user_subscribes`.`user_id` = 7) AND (`user_subscribes`.subscribtable_id = 24 AND `user_subscribes`.subscribtable_type = 'Article') LIMIT 1[0m
  [4;36;1mSQL (0.000813)[0m   [0;1mSELECT count(*) AS count_all FROM `comments` WHERE (`comments`.commentable_id = 24 AND `comments`.commentable_type = 'Article' AND (created_at > '2007-10-31 04:03:14' and user_id != 7)) [0m
Rendered articles/_article (0.00375)
  [4;35;1mSQL (0.000693)[0m   [0mSELECT count(*) AS count_all FROM `comments` WHERE (`comments`.commentable_id = 23 AND `comments`.commentable_type = 'Article') [0m
  [4;36;1mUserSubscribe Load (0.000324)[0m   [0;1mSELECT * FROM `user_subscribes` WHERE (`user_subscribes`.`user_id` = 7) AND (`user_subscribes`.subscribtable_id = 23 AND `user_subscribes`.subscribtable_type = 'Article') LIMIT 1[0m
  [4;35;1mSQL (0.000840)[0m   [0mSELECT count(*) AS count_all FROM `comments` WHERE (`comments`.commentable_id = 23 AND `comments`.commentable_type = 'Article' AND (created_at > '2007-11-26 03:02:03' and user_id != 7)) [0m
Rendered articles/_article (0.00378)
  [4;36;1mSQL (0.000631)[0m   [0;1mSELECT count(*) AS count_all FROM `comments` WHERE (`comments`.commentable_id = 22 AND `comments`.commentable_type = 'Article') [0m
  [4;35;1mUserSubscribe Load (0.000292)[0m   [0mSELECT * FROM `user_subscribes` WHERE (`user_subscribes`.`user_id` = 7) AND (`user_subscribes`.subscribtable_id = 22 AND `user_subscribes`.subscribtable_type = 'Article') LIMIT 1[0m
  [4;36;1mCACHE (0.000000)[0m   [0;1mSELECT count(*) AS count_all FROM `comments` WHERE (`comments`.commentable_id = 22 AND `comments`.commentable_type = 'Article') [0m
Rendered articles/_article (0.00374)
  [4;35;1mSQL (0.000508)[0m   [0mSELECT count(*) AS count_all FROM `comments` WHERE (`comments`.commentable_id = 21 AND `comments`.commentable_type = 'Article') [0m
  [4;36;1mUserSubscribe Load (0.000232)[0m   [0;1mSELECT * FROM `user_subscribes` WHERE (`user_subscribes`.`user_id` = 7) AND (`user_subscribes`.subscribtable_id = 21 AND `user_subscribes`.subscribtable_type = 'Article') LIMIT 1[0m
  [4;35;1mCACHE (0.000000)[0m   [0mSELECT count(*) AS count_all FROM `comments` WHERE (`comments`.commentable_id = 21 AND `comments`.commentable_type = 'Article') [0m
Rendered articles/_article (0.00207)
  [4;36;1mSQL (0.000538)[0m   [0;1mSELECT count(*) AS count_all FROM `comments` WHERE (`comments`.commentable_id = 20 AND `comments`.commentable_type = 'Article') [0m
  [4;35;1mUserSubscribe Load (0.000235)[0m   [0mSELECT * FROM `user_subscribes` WHERE (`user_subscribes`.`user_id` = 7) AND (`user_subscribes`.subscribtable_id = 20 AND `user_subscribes`.subscribtable_type = 'Article') LIMIT 1[0m
  [4;36;1mCACHE (0.000000)[0m   [0;1mSELECT count(*) AS count_all FROM `comments` WHERE (`comments`.commentable_id = 20 AND `comments`.commentable_type = 'Article') [0m
Rendered articles/_article (0.00211)
  [4;35;1mSQL (0.000566)[0m   [0mSELECT count(*) AS count_all FROM `comments` WHERE (`comments`.commentable_id = 19 AND `comments`.commentable_type = 'Article') [0m
  [4;36;1mUserSubscribe Load (0.000241)[0m   [0;1mSELECT * FROM `user_subscribes` WHERE (`user_subscribes`.`user_id` = 7) AND (`user_subscribes`.subscribtable_id = 19 AND `user_subscribes`.subscribtable_type = 'Article') LIMIT 1[0m
  [4;35;1mCACHE (0.000000)[0m   [0mSELECT count(*) AS count_all FROM `comments` WHERE (`comments`.commentable_id = 19 AND `comments`.commentable_type = 'Article') [0m
Rendered articles/_article (0.00222)
  [4;36;1mSQL (0.000498)[0m   [0;1mSELECT count(*) AS count_all FROM `comments` WHERE (`comments`.commentable_id = 18 AND `comments`.commentable_type = 'Article') [0m
  [4;35;1mUserSubscribe Load (0.000226)[0m   [0mSELECT * FROM `user_subscribes` WHERE (`user_subscribes`.`user_id` = 7) AND (`user_subscribes`.subscribtable_id = 18 AND `user_subscribes`.subscribtable_type = 'Article') LIMIT 1[0m
  [4;36;1mCACHE (0.000000)[0m   [0;1mSELECT count(*) AS count_all FROM `comments` WHERE (`comments`.commentable_id = 18 AND `comments`.commentable_type = 'Article') [0m
Rendered articles/_article (0.00199)
  [4;35;1mSQL (0.000498)[0m   [0mSELECT count(*) AS count_all FROM `comments` WHERE (`comments`.commentable_id = 17 AND `comments`.commentable_type = 'Article') [0m
  [4;36;1mUserSubscribe Load (0.000650)[0m   [0;1mSELECT * FROM `user_subscribes` WHERE (`user_subscribes`.`user_id` = 7) AND (`user_subscribes`.subscribtable_id = 17 AND `user_subscribes`.subscribtable_type = 'Article') LIMIT 1[0m
  [4;35;1mCACHE (0.000000)[0m   [0mSELECT count(*) AS count_all FROM `comments` WHERE (`comments`.commentable_id = 17 AND `comments`.commentable_type = 'Article') [0m
Rendered articles/_article (0.07092)
Rendered includes/_icon (0.00011)
Rendered includes/_icon (0.00012)
Rendered includes/_profile (0.00154)
Rendered includes/_login_form (0.00409)
Rendered includes/_menu (0.00062)
  [4;36;1mPage Columns (0.002423)[0m   [0;1mSHOW FIELDS FROM `pages`[0m
  [4;35;1mPage Load (0.000473)[0m   [0mSELECT * FROM `pages` WHERE (`pages`.`name` = 'sidebar') LIMIT 1[0m
Rendered includes/_footer (0.00031)
Completed in 0.21511 (4 reqs/sec) | Rendering: 0.11821 (54%) | DB: 0.04953 (23%) | 200 OK [http://localhost/]


Processing PodcastsController#index (for 127.0.0.1 at 2008-06-30 01:12:05) [GET]
  Session ID: 0bf707274413a8ed7f63445a3e3de7ad
  Parameters: {"action"=>"index", "controller"=>"podcasts"}
  [4;36;1mPodcast Load (0.000773)[0m   [0;1mSELECT * FROM `podcasts` WHERE (`podcasts`.`is_active` = 1) ORDER BY podcasts.created_at DESC LIMIT 0, 15[0m
  [4;35;1mPodcast Columns (0.002277)[0m   [0mSHOW FIELDS FROM `podcasts`[0m
DEPRECATION WARNING: Inflector is deprecated! Use ActiveSupport::Inflector instead.  See http://www.rubyonrails.org/deprecation for details. (called from file_column at /Users/tih_ra/Documents/rails_prj/svn/robotek/vendor/plugins/file_column/lib/file_column.rb:619)
  [4;36;1mUser Load (0.000365)[0m   [0;1mSELECT * FROM `users` WHERE (`users`.id IN (NULL)) [0m
Rendering template within layouts/site
Rendering podcasts/index
Rendered podcasts/_podcast (0.00017)
Rendered podcasts/_podcast (0.00010)
Rendered podcasts/_podcast (0.00010)
Rendered podcasts/_podcast (0.00010)
Rendered podcasts/_podcast (0.00010)
Rendered podcasts/_podcast (0.00010)
Rendered podcasts/_podcast (0.00010)
Rendered podcasts/_podcast (0.00010)
Rendered podcasts/_podcast (0.00010)
  [4;35;1mUser Columns (0.002375)[0m   [0mSHOW FIELDS FROM `users`[0m
  [4;36;1mUser Load (0.000390)[0m   [0;1mSELECT * FROM `users` WHERE (`users`.`id` = 7) LIMIT 1[0m
Rendered includes/_icon (0.00015)
Rendered includes/_icon (0.00016)
Rendered includes/_profile (0.00217)
Rendered includes/_login_form (0.01009)
Rendered includes/_menu (0.00092)
  [4;35;1mPage Columns (0.001798)[0m   [0mSHOW FIELDS FROM `pages`[0m
  [4;36;1mPage Load (0.000399)[0m   [0;1mSELECT * FROM `pages` WHERE (`pages`.`name` = 'sidebar') LIMIT 1[0m
Rendered includes/_footer (0.00030)
Completed in 0.31900 (3 reqs/sec) | Rendering: 0.02916 (9%) | DB: 0.01001 (3%) | 200 OK [http://localhost/podcasts]


Processing TalksController#index (for 127.0.0.1 at 2008-06-30 01:12:06) [GET]
  Session ID: 0bf707274413a8ed7f63445a3e3de7ad
  Parameters: {"action"=>"index", "controller"=>"talks"}
  [4;35;1mTalk Load (0.000478)[0m   [0mSELECT * FROM `talks` WHERE (`talks`.`is_active` = 1) ORDER BY talks.priority DESC, talks.created_at ASC, talks.last_commented DESC LIMIT 0, 15[0m
  [4;36;1mTalk Columns (0.002574)[0m   [0;1mSHOW FIELDS FROM `talks`[0m
DEPRECATION WARNING: Inflector is deprecated! Use ActiveSupport::Inflector instead.  See http://www.rubyonrails.org/deprecation for details. (called from file_column at /Users/tih_ra/Documents/rails_prj/svn/robotek/vendor/plugins/file_column/lib/file_column.rb:619)
  [4;35;1mUser Load (0.000423)[0m   [0mSELECT * FROM `users` WHERE (`users`.id IN ('7')) [0m
  [4;36;1mUser Columns (0.002781)[0m   [0;1mSHOW FIELDS FROM `users`[0m
Rendering template within layouts/site
Rendering talks/index
  [4;35;1mUser Load (0.000483)[0m   [0mSELECT * FROM `users` WHERE (`users`.`id` = 7) LIMIT 1[0m
Rendered includes/_icon (0.00033)
  [4;36;1mComment Columns (0.002256)[0m   [0;1mSHOW FIELDS FROM `comments`[0m
  [4;35;1mSQL (0.000949)[0m   [0mSELECT count(*) AS count_all FROM `comments` WHERE (`comments`.commentable_id = 43 AND `comments`.commentable_type = 'Talk') [0m
  [4;36;1mUserSubscribe Columns (0.002370)[0m   [0;1mSHOW FIELDS FROM `user_subscribes`[0m
  [4;35;1mUserSubscribe Load (0.000496)[0m   [0mSELECT * FROM `user_subscribes` WHERE (`user_subscribes`.`user_id` = 7) AND (`user_subscribes`.subscribtable_id = 43 AND `user_subscribes`.subscribtable_type = 'Talk') LIMIT 1[0m
  [4;36;1mSQL (0.000971)[0m   [0;1mSELECT count(*) AS count_all FROM `comments` WHERE (`comments`.commentable_id = 43 AND `comments`.commentable_type = 'Talk' AND (created_at > '2008-06-30 00:50:37' and user_id != 7)) [0m
Rendered talks/_talk (0.02382)
Rendered includes/_icon (0.00022)
  [4;35;1mSQL (0.000909)[0m   [0mSELECT count(*) AS count_all FROM `comments` WHERE (`comments`.commentable_id = 38 AND `comments`.commentable_type = 'Talk') [0m
  [4;36;1mUserSubscribe Load (0.000418)[0m   [0;1mSELECT * FROM `user_subscribes` WHERE (`user_subscribes`.`user_id` = 7) AND (`user_subscribes`.subscribtable_id = 38 AND `user_subscribes`.subscribtable_type = 'Talk') LIMIT 1[0m
  [4;35;1mCACHE (0.000000)[0m   [0mSELECT count(*) AS count_all FROM `comments` WHERE (`comments`.commentable_id = 38 AND `comments`.commentable_type = 'Talk') [0m
Rendered talks/_talk (0.00462)
Rendered includes/_icon (0.00024)
  [4;36;1mSQL (0.002060)[0m   [0;1mSELECT count(*) AS count_all FROM `comments` WHERE (`comments`.commentable_id = 39 AND `comments`.commentable_type = 'Talk') [0m
  [4;35;1mUserSubscribe Load (0.000694)[0m   [0mSELECT * FROM `user_subscribes` WHERE (`user_subscribes`.`user_id` = 7) AND (`user_subscribes`.subscribtable_id = 39 AND `user_subscribes`.subscribtable_type = 'Talk') LIMIT 1[0m
  [4;36;1mCACHE (0.000000)[0m   [0;1mSELECT count(*) AS count_all FROM `comments` WHERE (`comments`.commentable_id = 39 AND `comments`.commentable_type = 'Talk') [0m
Rendered talks/_talk (0.00615)
Rendered includes/_icon (0.00025)
  [4;35;1mSQL (0.000897)[0m   [0mSELECT count(*) AS count_all FROM `comments` WHERE (`comments`.commentable_id = 40 AND `comments`.commentable_type = 'Talk') [0m
  [4;36;1mUserSubscribe Load (0.000416)[0m   [0;1mSELECT * FROM `user_subscribes` WHERE (`user_subscribes`.`user_id` = 7) AND (`user_subscribes`.subscribtable_id = 40 AND `user_subscribes`.subscribtable_type = 'Talk') LIMIT 1[0m
  [4;35;1mSQL (0.001070)[0m   [0mSELECT count(*) AS count_all FROM `comments` WHERE (`comments`.commentable_id = 40 AND `comments`.commentable_type = 'Talk' AND (created_at > '2008-06-30 00:50:54' and user_id != 7)) [0m
Rendered talks/_talk (0.00583)
Rendered includes/_icon (0.00019)
  [4;36;1mSQL (0.000739)[0m   [0;1mSELECT count(*) AS count_all FROM `comments` WHERE (`comments`.commentable_id = 41 AND `comments`.commentable_type = 'Talk') [0m
  [4;35;1mUserSubscribe Load (0.000284)[0m   [0mSELECT * FROM `user_subscribes` WHERE (`user_subscribes`.`user_id` = 7) AND (`user_subscribes`.subscribtable_id = 41 AND `user_subscribes`.subscribtable_type = 'Talk') LIMIT 1[0m
  [4;36;1mCACHE (0.000000)[0m   [0;1mSELECT count(*) AS count_all FROM `comments` WHERE (`comments`.commentable_id = 41 AND `comments`.commentable_type = 'Talk') [0m
Rendered talks/_talk (0.00375)
Rendered includes/_icon (0.00013)
  [4;35;1mSQL (0.000541)[0m   [0mSELECT count(*) AS count_all FROM `comments` WHERE (`comments`.commentable_id = 42 AND `comments`.commentable_type = 'Talk') [0m
  [4;36;1mUserSubscribe Load (0.000241)[0m   [0;1mSELECT * FROM `user_subscribes` WHERE (`user_subscribes`.`user_id` = 7) AND (`user_subscribes`.subscribtable_id = 42 AND `user_subscribes`.subscribtable_type = 'Talk') LIMIT 1[0m
  [4;35;1mCACHE (0.000000)[0m   [0mSELECT count(*) AS count_all FROM `comments` WHERE (`comments`.commentable_id = 42 AND `comments`.commentable_type = 'Talk') [0m
Rendered talks/_talk (0.00250)
Rendered includes/_icon (0.00013)
  [4;36;1mSQL (0.000533)[0m   [0;1mSELECT count(*) AS count_all FROM `comments` WHERE (`comments`.commentable_id = 44 AND `comments`.commentable_type = 'Talk') [0m
  [4;35;1mUserSubscribe Load (0.000512)[0m   [0mSELECT * FROM `user_subscribes` WHERE (`user_subscribes`.`user_id` = 7) AND (`user_subscribes`.subscribtable_id = 44 AND `user_subscribes`.subscribtable_type = 'Talk') LIMIT 1[0m
  [4;36;1mCACHE (0.000000)[0m   [0;1mSELECT count(*) AS count_all FROM `comments` WHERE (`comments`.commentable_id = 44 AND `comments`.commentable_type = 'Talk') [0m
Rendered talks/_talk (0.08532)
Rendered talks/_create_talk_form (0.00099)
Rendered includes/_icon (0.00011)
Rendered includes/_icon (0.00011)
Rendered includes/_profile (0.00139)
Rendered includes/_login_form (0.00184)
Rendered includes/_menu (0.00047)
  [4;35;1mPage Columns (0.002361)[0m   [0mSHOW FIELDS FROM `pages`[0m
  [4;36;1mPage Load (0.000404)[0m   [0;1mSELECT * FROM `pages` WHERE (`pages`.`name` = 'sidebar') LIMIT 1[0m
Rendered includes/_footer (0.00027)
Completed in 0.19417 (5 reqs/sec) | Rendering: 0.14192 (73%) | DB: 0.02764 (14%) | 200 OK [http://localhost/talks]


Processing PagesController#show (for 127.0.0.1 at 2008-06-30 01:12:08) [GET]
  Session ID: 0bf707274413a8ed7f63445a3e3de7ad
  Parameters: {"action"=>"show", "id"=>"crew", "controller"=>"pages"}
  [4;35;1mPage Columns (0.002016)[0m   [0mSHOW FIELDS FROM `pages`[0m
  [4;36;1mPage Load (0.000421)[0m   [0;1mSELECT * FROM `pages` WHERE (`pages`.`name` = 'crew') LIMIT 1[0m
Rendering template within layouts/site
Rendering pages/show
DEPRECATION WARNING: Inflector is deprecated! Use ActiveSupport::Inflector instead.  See http://www.rubyonrails.org/deprecation for details. (called from file_column at /Users/tih_ra/Documents/rails_prj/svn/robotek/vendor/plugins/file_column/lib/file_column.rb:619)
  [4;35;1mUser Columns (0.002612)[0m   [0mSHOW FIELDS FROM `users`[0m
  [4;36;1mUser Load (0.000394)[0m   [0;1mSELECT * FROM `users` WHERE (`users`.`id` = 7) LIMIT 1[0m
Rendered includes/_icon (0.00016)
Rendered includes/_icon (0.00017)
Rendered includes/_profile (0.00221)
Rendered includes/_login_form (0.02915)
Rendered includes/_menu (0.00084)
  [4;35;1mPage Load (0.000581)[0m   [0mSELECT * FROM `pages` WHERE (`pages`.`name` = 'sidebar') LIMIT 1[0m
Rendered includes/_footer (0.00022)
Completed in 0.07237 (13 reqs/sec) | Rendering: 0.05584 (77%) | DB: 0.02727 (37%) | 200 OK [http://localhost/pages/crew]


Processing PagesController#show (for 127.0.0.1 at 2008-06-30 01:12:10) [GET]
  Session ID: 0bf707274413a8ed7f63445a3e3de7ad
  Parameters: {"action"=>"show", "id"=>"friends", "controller"=>"pages"}
  [4;36;1mPage Columns (0.044634)[0m   [0;1mSHOW FIELDS FROM `pages`[0m
  [4;35;1mPage Load (0.000601)[0m   [0mSELECT * FROM `pages` WHERE (`pages`.`name` = 'friends') LIMIT 1[0m
Rendering template within layouts/site
Rendering pages/show
DEPRECATION WARNING: Inflector is deprecated! Use ActiveSupport::Inflector instead.  See http://www.rubyonrails.org/deprecation for details. (called from file_column at /Users/tih_ra/Documents/rails_prj/svn/robotek/vendor/plugins/file_column/lib/file_column.rb:619)
  [4;36;1mUser Columns (0.002743)[0m   [0;1mSHOW FIELDS FROM `users`[0m
  [4;35;1mUser Load (0.000365)[0m   [0mSELECT * FROM `users` WHERE (`users`.`id` = 7) LIMIT 1[0m
Rendered includes/_icon (0.00016)
Rendered includes/_icon (0.00017)
Rendered includes/_profile (0.00218)
Rendered includes/_login_form (0.02196)
Rendered includes/_menu (0.00095)
  [4;36;1mPage Load (0.000450)[0m   [0;1mSELECT * FROM `pages` WHERE (`pages`.`name` = 'sidebar') LIMIT 1[0m
Rendered includes/_footer (0.00028)
Completed in 0.11294 (8 reqs/sec) | Rendering: 0.05722 (50%) | DB: 0.05027 (44%) | 200 OK [http://localhost/pages/friends]


Processing InvitationsController#index (for 127.0.0.1 at 2008-06-30 01:12:12) [GET]
  Session ID: 0bf707274413a8ed7f63445a3e3de7ad
  Parameters: {"action"=>"index", "controller"=>"invitations"}
DEPRECATION WARNING: Inflector is deprecated! Use ActiveSupport::Inflector instead.  See http://www.rubyonrails.org/deprecation for details. (called from file_column at /Users/tih_ra/Documents/rails_prj/svn/robotek/vendor/plugins/file_column/lib/file_column.rb:619)
  [4;35;1mUser Columns (0.003344)[0m   [0mSHOW FIELDS FROM `users`[0m
  [4;36;1mUser Load (0.000331)[0m   [0;1mSELECT * FROM `users` WHERE (`users`.`id` = 7) LIMIT 1[0m
  [4;35;1mUser Load (0.000469)[0m   [0mSELECT * FROM `users` WHERE (invitation_id = 7) [0m
Rendering template within layouts/site
Rendering invitations/index
Rendered includes/_icon (0.00045)
Rendered invitations/_users (0.00160)
Rendered includes/_icon (0.00015)
Rendered invitations/_users (0.00095)
Rendered includes/_icon (0.00016)
Rendered includes/_icon (0.00016)
Rendered includes/_profile (0.00204)
Rendered includes/_login_form (0.00273)
Rendered includes/_menu (0.00065)
  [4;36;1mPage Columns (0.001913)[0m   [0;1mSHOW FIELDS FROM `pages`[0m
  [4;35;1mPage Load (0.000402)[0m   [0mSELECT * FROM `pages` WHERE (`pages`.`name` = 'sidebar') LIMIT 1[0m
Rendered includes/_footer (0.00027)
Completed in 0.04764 (20 reqs/sec) | Rendering: 0.02713 (56%) | DB: 0.00824 (17%) | 200 OK [http://localhost/invitations]


Processing ApplicationController#index (for 127.0.0.1 at 2008-06-30 01:12:12) [GET]
  Session ID: 0bf707274413a8ed7f63445a3e3de7ad
  Parameters: {}


ActionController::RoutingError (No route matches "/user/icon/16/I_3.jpg" with {:method=>:get}):
    /vendor/rails/actionpack/lib/action_controller/routing/recognition_optimisation.rb:67:in `recognize_path'
    /vendor/rails/actionpack/lib/action_controller/routing/route_set.rb:384:in `recognize'
    /vendor/rails/actionpack/lib/action_controller/dispatcher.rb:154:in `handle_request'
    /vendor/rails/actionpack/lib/action_controller/dispatcher.rb:107:in `dispatch'
    /vendor/rails/actionpack/lib/action_controller/dispatcher.rb:104:in `synchronize'
    /vendor/rails/actionpack/lib/action_controller/dispatcher.rb:104:in `dispatch'
    /vendor/rails/actionpack/lib/action_controller/dispatcher.rb:120:in `dispatch_cgi'
    /vendor/rails/actionpack/lib/action_controller/dispatcher.rb:35:in `dispatch'
    /Library/Ruby/Gems/1.8/gems/mongrel-1.1.5/bin/../lib/mongrel/rails.rb:76:in `process'
    /Library/Ruby/Gems/1.8/gems/mongrel-1.1.5/bin/../lib/mongrel/rails.rb:74:in `synchronize'
    /Library/Ruby/Gems/1.8/gems/mongrel-1.1.5/bin/../lib/mongrel/rails.rb:74:in `process'
    /Library/Ruby/Gems/1.8/gems/mongrel-1.1.5/lib/mongrel.rb:159:in `process_client'
    /Library/Ruby/Gems/1.8/gems/mongrel-1.1.5/lib/mongrel.rb:158:in `each'
    /Library/Ruby/Gems/1.8/gems/mongrel-1.1.5/lib/mongrel.rb:158:in `process_client'
    /Library/Ruby/Gems/1.8/gems/mongrel-1.1.5/lib/mongrel.rb:285:in `run'
    /Library/Ruby/Gems/1.8/gems/mongrel-1.1.5/lib/mongrel.rb:285:in `initialize'
    /Library/Ruby/Gems/1.8/gems/mongrel-1.1.5/lib/mongrel.rb:285:in `new'
    /Library/Ruby/Gems/1.8/gems/mongrel-1.1.5/lib/mongrel.rb:285:in `run'
    /Library/Ruby/Gems/1.8/gems/mongrel-1.1.5/lib/mongrel.rb:268:in `initialize'
    /Library/Ruby/Gems/1.8/gems/mongrel-1.1.5/lib/mongrel.rb:268:in `new'
    /Library/Ruby/Gems/1.8/gems/mongrel-1.1.5/lib/mongrel.rb:268:in `run'
    /Library/Ruby/Gems/1.8/gems/mongrel-1.1.5/lib/mongrel/configurator.rb:282:in `run'
    /Library/Ruby/Gems/1.8/gems/mongrel-1.1.5/lib/mongrel/configurator.rb:281:in `each'
    /Library/Ruby/Gems/1.8/gems/mongrel-1.1.5/lib/mongrel/configurator.rb:281:in `run'
    /Library/Ruby/Gems/1.8/gems/mongrel-1.1.5/bin/mongrel_rails:128:in `run'
    /Library/Ruby/Gems/1.8/gems/mongrel-1.1.5/lib/mongrel/command.rb:212:in `run'
    /Library/Ruby/Gems/1.8/gems/mongrel-1.1.5/bin/mongrel_rails:281
    /vendor/rails/activesupport/lib/active_support/dependencies.rb:503:in `load'
    /vendor/rails/activesupport/lib/active_support/dependencies.rb:503:in `load'
    /vendor/rails/activesupport/lib/active_support/dependencies.rb:355:in `new_constants_in'
    /vendor/rails/activesupport/lib/active_support/dependencies.rb:503:in `load'
    /vendor/rails/railties/lib/commands/servers/mongrel.rb:64
    /Library/Ruby/Site/1.8/rubygems/custom_require.rb:27:in `gem_original_require'
    /Library/Ruby/Site/1.8/rubygems/custom_require.rb:27:in `require'
    /vendor/rails/activesupport/lib/active_support/dependencies.rb:510:in `require'
    /vendor/rails/activesupport/lib/active_support/dependencies.rb:355:in `new_constants_in'
    /vendor/rails/activesupport/lib/active_support/dependencies.rb:510:in `require'
    /vendor/rails/railties/lib/commands/server.rb:49
    /Library/Ruby/Site/1.8/rubygems/custom_require.rb:27:in `gem_original_require'
    /Library/Ruby/Site/1.8/rubygems/custom_require.rb:27:in `require'
    script/server:3

Rendering /Users/tih_ra/Documents/rails_prj/svn/robotek/vendor/rails/actionpack/lib/action_controller/templates/rescues/layout.erb (not_found)


Processing PagesController#show (for 127.0.0.1 at 2008-06-30 01:12:14) [GET]
  Session ID: 0bf707274413a8ed7f63445a3e3de7ad
  Parameters: {"action"=>"show", "id"=>"crew", "controller"=>"pages"}
  [4;36;1mPage Columns (0.002286)[0m   [0;1mSHOW FIELDS FROM `pages`[0m
  [4;35;1mPage Load (0.000384)[0m   [0mSELECT * FROM `pages` WHERE (`pages`.`name` = 'crew') LIMIT 1[0m
Rendering template within layouts/site
Rendering pages/show
DEPRECATION WARNING: Inflector is deprecated! Use ActiveSupport::Inflector instead.  See http://www.rubyonrails.org/deprecation for details. (called from file_column at /Users/tih_ra/Documents/rails_prj/svn/robotek/vendor/plugins/file_column/lib/file_column.rb:619)
  [4;36;1mUser Columns (0.003152)[0m   [0;1mSHOW FIELDS FROM `users`[0m
  [4;35;1mUser Load (0.000360)[0m   [0mSELECT * FROM `users` WHERE (`users`.`id` = 7) LIMIT 1[0m
Rendered includes/_icon (0.00017)
Rendered includes/_icon (0.00017)
Rendered includes/_profile (0.00222)
Rendered includes/_login_form (0.02894)
Rendered includes/_menu (0.00075)
  [4;36;1mPage Load (0.000412)[0m   [0;1mSELECT * FROM `pages` WHERE (`pages`.`name` = 'sidebar') LIMIT 1[0m
Rendered includes/_footer (0.00020)
Completed in 0.05737 (17 reqs/sec) | Rendering: 0.04401 (76%) | DB: 0.00980 (17%) | 200 OK [http://localhost/pages/crew]
